Determining if the pthread_create exist failed with the following output:
Change Dir: /home/mvrlab/Documentos/libhand/build/CMakeFiles/CMakeTmp

Run Build Command:"/usr/bin/make" "cmTC_65c18/fast"
/usr/bin/make -f CMakeFiles/cmTC_65c18.dir/build.make CMakeFiles/cmTC_65c18.dir/build
make[1]: se entra en el directorio '/home/mvrlab/Documentos/libhand/build/CMakeFiles/CMakeTmp'
Building C object CMakeFiles/cmTC_65c18.dir/CheckSymbolExists.c.o
/usr/bin/cc    -o CMakeFiles/cmTC_65c18.dir/CheckSymbolExists.c.o   -c /home/mvrlab/Documentos/libhand/build/CMakeFiles/CMakeTmp/CheckSymbolExists.c
Linking C executable cmTC_65c18
/usr/bin/cmake -E cmake_link_script CMakeFiles/cmTC_65c18.dir/link.txt --verbose=1
/usr/bin/cc      -rdynamic CMakeFiles/cmTC_65c18.dir/CheckSymbolExists.c.o  -o cmTC_65c18 
CMakeFiles/cmTC_65c18.dir/CheckSymbolExists.c.o: En la función `main':
CheckSymbolExists.c:(.text+0x1b): referencia a `pthread_create' sin definir
collect2: error: ld returned 1 exit status
CMakeFiles/cmTC_65c18.dir/build.make:97: recipe for target 'cmTC_65c18' failed
make[1]: *** [cmTC_65c18] Error 1
make[1]: se sale del directorio '/home/mvrlab/Documentos/libhand/build/CMakeFiles/CMakeTmp'
Makefile:126: recipe for target 'cmTC_65c18/fast' failed
make: *** [cmTC_65c18/fast] Error 2

File /home/mvrlab/Documentos/libhand/build/CMakeFiles/CMakeTmp/CheckSymbolExists.c:
/* */
#include <pthread.h>

int main(int argc, char** argv)
{
  (void)argv;
#ifndef pthread_create
  return ((int*)(&pthread_create))[argc];
#else
  (void)argc;
  return 0;
#endif
}

Determining if the function pthread_create exists in the pthreads failed with the following output:
Change Dir: /home/mvrlab/Documentos/libhand/build/CMakeFiles/CMakeTmp

Run Build Command:"/usr/bin/make" "cmTC_bad15/fast"
/usr/bin/make -f CMakeFiles/cmTC_bad15.dir/build.make CMakeFiles/cmTC_bad15.dir/build
make[1]: se entra en el directorio '/home/mvrlab/Documentos/libhand/build/CMakeFiles/CMakeTmp'
Building C object CMakeFiles/cmTC_bad15.dir/CheckFunctionExists.c.o
/usr/bin/cc   -DCHECK_FUNCTION_EXISTS=pthread_create   -o CMakeFiles/cmTC_bad15.dir/CheckFunctionExists.c.o   -c /usr/share/cmake-3.10/Modules/CheckFunctionExists.c
Linking C executable cmTC_bad15
/usr/bin/cmake -E cmake_link_script CMakeFiles/cmTC_bad15.dir/link.txt --verbose=1
/usr/bin/cc  -DCHECK_FUNCTION_EXISTS=pthread_create    -rdynamic CMakeFiles/cmTC_bad15.dir/CheckFunctionExists.c.o  -o cmTC_bad15 -lpthreads 
/usr/bin/ld: no se puede encontrar -lpthreads
collect2: error: ld returned 1 exit status
CMakeFiles/cmTC_bad15.dir/build.make:97: recipe for target 'cmTC_bad15' failed
make[1]: *** [cmTC_bad15] Error 1
make[1]: se sale del directorio '/home/mvrlab/Documentos/libhand/build/CMakeFiles/CMakeTmp'
Makefile:126: recipe for target 'cmTC_bad15/fast' failed
make: *** [cmTC_bad15/fast] Error 2


